# JRE version: OpenJDK Runtime Environment 18.9 (11.0.11+9) (build 11.0.11+9)
# Java VM: OpenJDK 64-Bit Server VM 18.9 (11.0.11+9, mixed mode, tiered, compressed oops, g1 gc, windows-amd64)
Heap:
 garbage-first heap   total 276480K, used 94078K [0x0000000740000000, 0x0000000800000000)
  region size 1024K, 10 young (10240K), 1 survivors (1024K)
 Metaspace       used 93792K, capacity 95033K, committed 98848K, reserved 1134592K
  class space    used 11311K, capacity 11798K, committed 13184K, reserved 1048576K
GC Heap History (20 events):
Event: 11422.895 GC heap before
{Heap before GC invocations=916 (full 375):
 garbage-first heap   total 276480K, used 145774K [0x0000000740000000, 0x0000000800000000)
  region size 1024K, 60 young (61440K), 1 survivors (1024K)
 Metaspace       used 93611K, capacity 94788K, committed 98848K, reserved 1134592K
  class space    used 11268K, capacity 11714K, committed 13184K, reserved 1048576K
}
Event: 11422.896 GC heap after
{Heap after GC invocations=917 (full 375):
 garbage-first heap   total 276480K, used 85410K [0x0000000740000000, 0x0000000800000000)
  region size 1024K, 1 young (1024K), 1 survivors (1024K)
 Metaspace       used 93611K, capacity 94788K, committed 98848K, reserved 1134592K
  class space    used 11268K, capacity 11714K, committed 13184K, reserved 1048576K
}
Event: 11424.575 GC heap before
{Heap before GC invocations=917 (full 375):
 garbage-first heap   total 276480K, used 145826K [0x0000000740000000, 0x0000000800000000)
  region size 1024K, 60 young (61440K), 1 survivors (1024K)
 Metaspace       used 93774K, capacity 95033K, committed 98848K, reserved 1134592K
  class space    used 11311K, capacity 11798K, committed 13184K, reserved 1048576K
}
Event: 11424.576 GC heap after
{Heap after GC invocations=918 (full 375):
 garbage-first heap   total 276480K, used 85523K [0x0000000740000000, 0x0000000800000000)
  region size 1024K, 1 young (1024K), 1 survivors (1024K)
 Metaspace       used 93774K, capacity 95033K, committed 98848K, reserved 1134592K
  class space    used 11311K, capacity 11798K, committed 13184K, reserved 1048576K
}
Event: 11425.336 GC heap before
{Heap before GC invocations=918 (full 375):
 garbage-first heap   total 276480K, used 145939K [0x0000000740000000, 0x0000000800000000)
  region size 1024K, 60 young (61440K), 1 survivors (1024K)
 Metaspace       used 93774K, capacity 95033K, committed 98848K, reserved 1134592K
  class space    used 11311K, capacity 11798K, committed 13184K, reserved 1048576K
}
Event: 11425.336 GC heap after
{Heap after GC invocations=919 (full 375):
 garbage-first heap   total 276480K, used 85537K [0x0000000740000000, 0x0000000800000000)
  region size 1024K, 1 young (1024K), 1 survivors (1024K)
 Metaspace       used 93774K, capacity 95033K, committed 98848K, reserved 1134592K
  class space    used 11311K, capacity 11798K, committed 13184K, reserved 1048576K
}
Event: 11426.258 GC heap before
{Heap before GC invocations=919 (full 375):
 garbage-first heap   total 276480K, used 145953K [0x0000000740000000, 0x0000000800000000)
  region size 1024K, 60 young (61440K), 1 survivors (1024K)
 Metaspace       used 93774K, capacity 95033K, committed 98848K, reserved 1134592K
  class space    used 11311K, capacity 11798K, committed 13184K, reserved 1048576K
}
Event: 11426.259 GC heap after
{Heap after GC invocations=920 (full 375):
 garbage-first heap   total 276480K, used 85536K [0x0000000740000000, 0x0000000800000000)
  region size 1024K, 1 young (1024K), 1 survivors (1024K)
 Metaspace       used 93774K, capacity 95033K, committed 98848K, reserved 1134592K
  class space    used 11311K, capacity 11798K, committed 13184K, reserved 1048576K
}
Event: 11429.710 GC heap before
{Heap before GC invocations=920 (full 375):
 garbage-first heap   total 276480K, used 145952K [0x0000000740000000, 0x0000000800000000)
  region size 1024K, 60 young (61440K), 1 survivors (1024K)
 Metaspace       used 93774K, capacity 95033K, committed 98848K, reserved 1134592K
  class space    used 11311K, capacity 11798K, committed 13184K, reserved 1048576K
}
Event: 11429.711 GC heap after
{Heap after GC invocations=921 (full 375):
 garbage-first heap   total 276480K, used 85532K [0x0000000740000000, 0x0000000800000000)
  region size 1024K, 1 young (1024K), 1 survivors (1024K)
 Metaspace       used 93774K, capacity 95033K, committed 98848K, reserved 1134592K
  class space    used 11311K, capacity 11798K, committed 13184K, reserved 1048576K
}
Event: 11432.780 GC heap before
{Heap before GC invocations=921 (full 375):
 garbage-first heap   total 276480K, used 145948K [0x0000000740000000, 0x0000000800000000)
  region size 1024K, 60 young (61440K), 1 survivors (1024K)
 Metaspace       used 93774K, capacity 95033K, committed 98848K, reserved 1134592K
  class space    used 11311K, capacity 11798K, committed 13184K, reserved 1048576K
}
Event: 11432.781 GC heap after
{Heap after GC invocations=922 (full 375):
 garbage-first heap   total 276480K, used 85530K [0x0000000740000000, 0x0000000800000000)
  region size 1024K, 1 young (1024K), 1 survivors (1024K)
 Metaspace       used 93774K, capacity 95033K, committed 98848K, reserved 1134592K
  class space    used 11311K, capacity 11798K, committed 13184K, reserved 1048576K
}
Event: 11435.187 GC heap before
{Heap before GC invocations=922 (full 375):
 garbage-first heap   total 276480K, used 145946K [0x0000000740000000, 0x0000000800000000)
  region size 1024K, 60 young (61440K), 1 survivors (1024K)
 Metaspace       used 93774K, capacity 95033K, committed 98848K, reserved 1134592K
  class space    used 11311K, capacity 11798K, committed 13184K, reserved 1048576K
}
Event: 11435.188 GC heap after
{Heap after GC invocations=923 (full 375):
 garbage-first heap   total 276480K, used 85676K [0x0000000740000000, 0x0000000800000000)
  region size 1024K, 1 young (1024K), 1 survivors (1024K)
 Metaspace       used 93774K, capacity 95033K, committed 98848K, reserved 1134592K
  class space    used 11311K, capacity 11798K, committed 13184K, reserved 1048576K
}
Event: 11447.020 GC heap before
{Heap before GC invocations=923 (full 375):
 garbage-first heap   total 276480K, used 146092K [0x0000000740000000, 0x0000000800000000)
  region size 1024K, 60 young (61440K), 1 survivors (1024K)
 Metaspace       used 93788K, capacity 95033K, committed 98848K, reserved 1134592K
  class space    used 11311K, capacity 11798K, committed 13184K, reserved 1048576K
}
Event: 11447.021 GC heap after
{Heap after GC invocations=924 (full 375):
 garbage-first heap   total 276480K, used 85676K [0x0000000740000000, 0x0000000800000000)
  region size 1024K, 1 young (1024K), 1 survivors (1024K)
 Metaspace       used 93788K, capacity 95033K, committed 98848K, reserved 1134592K
  class space    used 11311K, capacity 11798K, committed 13184K, reserved 1048576K
}
Event: 11448.607 GC heap before
{Heap before GC invocations=924 (full 375):
 garbage-first heap   total 276480K, used 146092K [0x0000000740000000, 0x0000000800000000)
  region size 1024K, 60 young (61440K), 1 survivors (1024K)
 Metaspace       used 93790K, capacity 95033K, committed 98848K, reserved 1134592K
  class space    used 11311K, capacity 11798K, committed 13184K, reserved 1048576K
}
Event: 11448.608 GC heap after
{Heap after GC invocations=925 (full 375):
 garbage-first heap   total 276480K, used 85680K [0x0000000740000000, 0x0000000800000000)
  region size 1024K, 1 young (1024K), 1 survivors (1024K)
 Metaspace       used 93790K, capacity 95033K, committed 98848K, reserved 1134592K
  class space    used 11311K, capacity 11798K, committed 13184K, reserved 1048576K
}
Event: 11451.554 GC heap before
{Heap before GC invocations=925 (full 375):
 garbage-first heap   total 276480K, used 146096K [0x0000000740000000, 0x0000000800000000)
  region size 1024K, 60 young (61440K), 1 survivors (1024K)
 Metaspace       used 93792K, capacity 95033K, committed 98848K, reserved 1134592K
  class space    used 11311K, capacity 11798K, committed 13184K, reserved 1048576K
}
Event: 11451.555 GC heap after
{Heap after GC invocations=926 (full 375):
 garbage-first heap   total 276480K, used 85886K [0x0000000740000000, 0x0000000800000000)
  region size 1024K, 1 young (1024K), 1 survivors (1024K)
 Metaspace       used 93792K, capacity 95033K, committed 98848K, reserved 1134592K
  class space    used 11311K, capacity 11798K, committed 13184K, reserved 1048576K
}

